<?xml version="1.0" encoding="UTF-8"?>
<!-- Generated by org.testng.reporters.JUnitXMLReporter -->
<testsuite ignored="0" hostname="DESKTOP-5MTP625" failures="0" tests="7" name="smoke" time="9.369" errors="0" timestamp="2023-12-12T22:37:30 EET">
  <testcase classname="toDo.testcases.UsersTest" name="registerNewUserTC" time="1.841"/>
  <testcase classname="toDo.testcases.UsersTest" name="registerExistedUserTC" time="0.991"/>
  <testcase classname="toDo.testcases.UsersTest" name="loginValidUserTC" time="1.196"/>
  <testcase classname="toDo.testcases.UsersTest" name="loginInValidUserTC" time="1.111"/>
  <testcase classname="toDo.testcases.ToDoTest" name="addToDoTC" time="1.345"/>
  <testcase classname="toDo.testcases.ToDoTest" name="getToDoTC" time="1.415"/>
  <testcase classname="toDo.testcases.ToDoTest" name="deleteToDoTC" time="1.428"/>
</testsuite> <!-- smoke -->
