<?xml version="1.0" encoding="UTF-8"?>
<!-- Generated by org.testng.reporters.JUnitXMLReporter -->
<testsuite ignored="6" hostname="DESKTOP-5MTP625" failures="0" tests="1" name="smoke" time="2.331" errors="0" timestamp="2023-12-06T14:53:12 EET">
  <testcase classname="toDo.testcases.ToDoTest" name="addToDoTC" time="2.271"/>
  <testcase classname="toDo.testcases.UsersTest" name="loginInValidUserTC" time="0.0">
    <ignored/>
  </testcase> <!-- loginInValidUserTC -->
  <testcase classname="toDo.testcases.ToDoTest" name="getToDoTC" time="0.0">
    <ignored/>
  </testcase> <!-- getToDoTC -->
  <testcase classname="toDo.testcases.UsersTest" name="registerExistedUserTC" time="0.0">
    <ignored/>
  </testcase> <!-- registerExistedUserTC -->
  <testcase classname="toDo.testcases.UsersTest" name="loginValidUserTC" time="0.0">
    <ignored/>
  </testcase> <!-- loginValidUserTC -->
  <testcase classname="toDo.testcases.UsersTest" name="registerNewUserTC" time="0.0">
    <ignored/>
  </testcase> <!-- registerNewUserTC -->
  <testcase classname="toDo.testcases.ToDoTest" name="deleteToDoTC" time="0.0">
    <ignored/>
  </testcase> <!-- deleteToDoTC -->
</testsuite> <!-- smoke -->
