<?xml version="1.0" encoding="UTF-8"?>
<testng-results ignored="0" total="7" passed="7" failed="0" skipped="0">
  <reporter-output>
  </reporter-output>
  <suite started-at="2023-12-13T13:28:23 EET" name="ToDo Api" finished-at="2023-12-13T13:28:33 EET" duration-ms="9582">
    <groups>
      <group name="todo">
        <method signature="ToDoTest.addToDoTC()[pri:1, instance:toDo.testcases.ToDoTest@27912e3]" name="addToDoTC" class="toDo.testcases.ToDoTest"/>
        <method signature="ToDoTest.getToDoTC()[pri:2, instance:toDo.testcases.ToDoTest@27912e3]" name="getToDoTC" class="toDo.testcases.ToDoTest"/>
        <method signature="ToDoTest.deleteToDoTC()[pri:3, instance:toDo.testcases.ToDoTest@27912e3]" name="deleteToDoTC" class="toDo.testcases.ToDoTest"/>
      </group> <!-- todo -->
      <group name="auth">
        <method signature="UsersTest.registerNewUserTC()[pri:1, instance:toDo.testcases.UsersTest@6b0d80ed]" name="registerNewUserTC" class="toDo.testcases.UsersTest"/>
        <method signature="UsersTest.registerExistedUserTC()[pri:2, instance:toDo.testcases.UsersTest@6b0d80ed]" name="registerExistedUserTC" class="toDo.testcases.UsersTest"/>
        <method signature="UsersTest.loginValidUserTC()[pri:3, instance:toDo.testcases.UsersTest@6b0d80ed]" name="loginValidUserTC" class="toDo.testcases.UsersTest"/>
        <method signature="UsersTest.loginInValidUserTC()[pri:4, instance:toDo.testcases.UsersTest@6b0d80ed]" name="loginInValidUserTC" class="toDo.testcases.UsersTest"/>
      </group> <!-- auth -->
    </groups>
    <test started-at="2023-12-13T13:28:23 EET" name="smoke" finished-at="2023-12-13T13:28:33 EET" duration-ms="9582">
      <class name="toDo.testcases.ToDoTest">
        <test-method signature="addToDoTC()[pri:1, instance:toDo.testcases.ToDoTest@27912e3]" started-at="2023-12-13T13:28:28 EET" name="addToDoTC" finished-at="2023-12-13T13:28:30 EET" duration-ms="1354" status="PASS">
          <reporter-output>
          </reporter-output>
        </test-method> <!-- addToDoTC -->
        <test-method signature="getToDoTC()[pri:2, instance:toDo.testcases.ToDoTest@27912e3]" started-at="2023-12-13T13:28:30 EET" name="getToDoTC" finished-at="2023-12-13T13:28:31 EET" duration-ms="1541" status="PASS">
          <reporter-output>
          </reporter-output>
        </test-method> <!-- getToDoTC -->
        <test-method signature="deleteToDoTC()[pri:3, instance:toDo.testcases.ToDoTest@27912e3]" started-at="2023-12-13T13:28:31 EET" name="deleteToDoTC" finished-at="2023-12-13T13:28:33 EET" duration-ms="1520" status="PASS">
          <reporter-output>
          </reporter-output>
        </test-method> <!-- deleteToDoTC -->
      </class> <!-- toDo.testcases.ToDoTest -->
      <class name="toDo.testcases.UsersTest">
        <test-method signature="registerNewUserTC()[pri:1, instance:toDo.testcases.UsersTest@6b0d80ed]" started-at="2023-12-13T13:28:23 EET" name="registerNewUserTC" finished-at="2023-12-13T13:28:25 EET" duration-ms="1858" status="PASS">
          <reporter-output>
          </reporter-output>
        </test-method> <!-- registerNewUserTC -->
        <test-method signature="registerExistedUserTC()[pri:2, instance:toDo.testcases.UsersTest@6b0d80ed]" started-at="2023-12-13T13:28:25 EET" name="registerExistedUserTC" finished-at="2023-12-13T13:28:26 EET" duration-ms="1016" status="PASS">
          <reporter-output>
          </reporter-output>
        </test-method> <!-- registerExistedUserTC -->
        <test-method signature="loginValidUserTC()[pri:3, instance:toDo.testcases.UsersTest@6b0d80ed]" started-at="2023-12-13T13:28:26 EET" name="loginValidUserTC" finished-at="2023-12-13T13:28:27 EET" duration-ms="1100" status="PASS">
          <reporter-output>
          </reporter-output>
        </test-method> <!-- loginValidUserTC -->
        <test-method signature="loginInValidUserTC()[pri:4, instance:toDo.testcases.UsersTest@6b0d80ed]" started-at="2023-12-13T13:28:27 EET" name="loginInValidUserTC" finished-at="2023-12-13T13:28:28 EET" duration-ms="1111" status="PASS">
          <reporter-output>
          </reporter-output>
        </test-method> <!-- loginInValidUserTC -->
      </class> <!-- toDo.testcases.UsersTest -->
    </test> <!-- smoke -->
  </suite> <!-- ToDo Api -->
</testng-results>
